<?xml version="1.0" encoding="UTF-8"?>
<testsuite xmlns:xsi="http://www.w3.org/2001/XMLSchema-instance" xsi:noNamespaceSchemaLocation="https://maven.apache.org/surefire/maven-surefire-plugin/xsd/surefire-test-report-3.0.xsd" version="3.0" name="co.edu.unicauca.piedraazul.service.UserServiceTest" time="5.712" tests="11" errors="0" skipped="0" failures="0">
  <properties>
[...]
</properties>
  <testcase name="test28_authenticateReturnsNullOnWrongPassword" classname="co.edu.unicauca.piedraazul.service.UserServiceTest" time="3.836">
    <system-out><![CDATA[=== DEBUG LOGIN ===
Username ingresado: validuser
Password ingresado: wrongPwd
Hash generado ahora: $2a$10$NWQXyUMsmXYbGpKkq0HRfO9.XrXElJ6B8yrnAtVWdsj9kcE2v2mfm
Test matches (nuevo hash): true
Match hardcoded: false
Usuario encontrado: validuser
Hash en BD: $2a$encodedPwd
Hash length: 14
Passwords coinciden: false
]]></system-out>
    <system-err><![CDATA[WARNING: A Java agent has been loaded dynamically (C:\Users\Brayan\.m2\repository\net\bytebuddy\byte-buddy-agent\1.14.13\byte-buddy-agent-1.14.13.jar)
WARNING: If a serviceability tool is in use, please run with -XX:+EnableDynamicAgentLoading to hide this warning
WARNING: If a serviceability tool is not in use, please run with -Djdk.instrument.traceUsage for more information
WARNING: Dynamic loading of agents will be disallowed by default in a future release
]]></system-err>
  </testcase>
  <testcase name="test32_registerUserNotifiesObserverOnSuccess" classname="co.edu.unicauca.piedraazul.service.UserServiceTest" time="0.026"/>
  <testcase name="test24_registerUserReturnsTrueForNewUser" classname="co.edu.unicauca.piedraazul.service.UserServiceTest" time="0.059"/>
  <testcase name="test31_authenticateNotifiesObserverOnFailure" classname="co.edu.unicauca.piedraazul.service.UserServiceTest" time="0.436">
    <system-out><![CDATA[=== DEBUG LOGIN ===
Username ingresado: nadie
Password ingresado: pwd
Hash generado ahora: $2a$10$4iNaNqK40ntupp7pmUHxK.Dq9xDjfpGoN8kP0mJsFVhY129ZdM.Uy
Test matches (nuevo hash): true
Match hardcoded: false
Usuario NO encontrado en BD
]]></system-out>
  </testcase>
  <testcase name="test30_authenticateNotifiesObserverOnSuccess" classname="co.edu.unicauca.piedraazul.service.UserServiceTest" time="0.431">
    <system-out><![CDATA[=== DEBUG LOGIN ===
Username ingresado: admin
Password ingresado: pwd
Hash generado ahora: $2a$10$rifSsAsARI.7sH75nZ3oeO8GdNlvxV97rdpyMsDYndIdGbAmpmjpq
Test matches (nuevo hash): true
Match hardcoded: false
Usuario encontrado: admin
Hash en BD: $hash
Hash length: 5
Passwords coinciden: true
]]></system-out>
  </testcase>
  <testcase name="test29_authenticateReturnsNullForUnknownUser" classname="co.edu.unicauca.piedraazul.service.UserServiceTest" time="0.43">
    <system-out><![CDATA[=== DEBUG LOGIN ===
Username ingresado: fantasma
Password ingresado: pass
Hash generado ahora: $2a$10$6XoOGKU9088o78RxThZbzOgUpXwc5vh/165EJw8v4Cjfa1AaFdLsS
Test matches (nuevo hash): true
Match hardcoded: false
Usuario NO encontrado en BD
]]></system-out>
  </testcase>
  <testcase name="test26_passwordIsEncodedBeforeSaving" classname="co.edu.unicauca.piedraazul.service.UserServiceTest" time="0.007"/>
  <testcase name="test27_authenticateReturnsUserOnCorrectCredentials" classname="co.edu.unicauca.piedraazul.service.UserServiceTest" time="0.416">
    <system-out><![CDATA[=== DEBUG LOGIN ===
Username ingresado: validuser
Password ingresado: rawPwd
Hash generado ahora: $2a$10$I4Oh/j9kEe7hJVerbqzeVOYb.JgtEb0vYYYSLGKvpqifUxNvlRrjG
Test matches (nuevo hash): true
Match hardcoded: false
Usuario encontrado: validuser
Hash en BD: $2a$encodedPwd
Hash length: 14
Passwords coinciden: true
]]></system-out>
  </testcase>
  <testcase name="test33_registerUserNotifiesObserverOnDuplicate" classname="co.edu.unicauca.piedraazul.service.UserServiceTest" time="0.006"/>
  <testcase name="test34_registerUserCallsSaveExactlyOnce" classname="co.edu.unicauca.piedraazul.service.UserServiceTest" time="0.005"/>
  <testcase name="test25_registerUserReturnsFalseForDuplicateUsername" classname="co.edu.unicauca.piedraazul.service.UserServiceTest" time="0.006"/>
</testsuite>